<?xml version="1.0" encoding="UTF-8"?>
<testsuite name="br.edu.unifalmg.service.choreServiceTest" tests="3" skipped="0" failures="0" errors="0" timestamp="2023-09-22T19:08:20" hostname="ywaos-Inspiron-3501" time="0.022">
  <properties/>
  <testcase name="#addChore &gt; When adding a chore &gt; When the chore already exists &gt; Throw an exception" classname="br.edu.unifalmg.service.choreServiceTest" time="0.016"/>
  <testcase name="#addChore &gt; When the deadline is invalid &gt; Throw an exception" classname="br.edu.unifalmg.service.choreServiceTest" time="0.002"/>
  <testcase name="addChoreWhenTheDescriptionIsInvalidThrowAnException()" classname="br.edu.unifalmg.service.choreServiceTest" time="0.002"/>
  <system-out><![CDATA[]]></system-out>
  <system-err><![CDATA[]]></system-err>
</testsuite>
